# JRE version: OpenJDK Runtime Environment (15.0.2+7) (build 15.0.2+7-27)
# Java VM: OpenJDK 64-Bit Server VM (15.0.2+7-27, mixed mode, sharing, tiered, compressed oops, g1 gc, windows-amd64)
GC Precious Log:
 CPUs: 8 total, 8 available
 Memory: 32353M
 Large Page Support: Disabled
 NUMA Support: Disabled
 Compressed Oops: Enabled (Zero based)
 Heap Region Size: 4M
 Heap Min Capacity: 8M
 Heap Initial Capacity: 508M
 Heap Max Capacity: 8092M
 Pre-touch: Disabled
 Parallel Workers: 8
 Concurrent Workers: 2
 Concurrent Refinement Workers: 8
 Periodic GC: Disabled
Heap:
 garbage-first heap   total 69632K, used 35324K [0x0000000606400000, 0x0000000800000000)
  region size 4096K, 7 young (28672K), 1 survivors (4096K)
 Metaspace       used 22149K, capacity 22296K, committed 22528K, reserved 1069056K
  class space    used 2213K, capacity 2262K, committed 2304K, reserved 1048576K
GC Heap History (8 events):
Event: 1.832 GC heap before
{Heap before GC invocations=0 (full 0):
 garbage-first heap   total 520192K, used 20480K [0x0000000606400000, 0x0000000800000000)
  region size 4096K, 6 young (24576K), 0 survivors (0K)
 Metaspace       used 6769K, capacity 6908K, committed 7168K, reserved 1056768K
  class space    used 684K, capacity 741K, committed 768K, reserved 1048576K
}
Event: 1.835 GC heap after
{Heap after GC invocations=1 (full 0):
 garbage-first heap   total 520192K, used 3582K [0x0000000606400000, 0x0000000800000000)
  region size 4096K, 1 young (4096K), 1 survivors (4096K)
 Metaspace       used 6769K, capacity 6908K, committed 7168K, reserved 1056768K
  class space    used 684K, capacity 741K, committed 768K, reserved 1048576K
}
Event: 2.210 GC heap before
{Heap before GC invocations=1 (full 0):
 garbage-first heap   total 520192K, used 24062K [0x0000000606400000, 0x0000000800000000)
  region size 4096K, 7 young (28672K), 1 survivors (4096K)
 Metaspace       used 11752K, capacity 11882K, committed 12032K, reserved 1060864K
  class space    used 1145K, capacity 1203K, committed 1280K, reserved 1048576K
}
Event: 2.215 GC heap after
{Heap after GC invocations=2 (full 0):
 garbage-first heap   total 520192K, used 4585K [0x0000000606400000, 0x0000000800000000)
  region size 4096K, 1 young (4096K), 1 survivors (4096K)
 Metaspace       used 11752K, capacity 11882K, committed 12032K, reserved 1060864K
  class space    used 1145K, capacity 1203K, committed 1280K, reserved 1048576K
}
Event: 5.087 GC heap before
{Heap before GC invocations=2 (full 0):
 garbage-first heap   total 520192K, used 66025K [0x0000000606400000, 0x0000000800000000)
  region size 4096K, 14 young (57344K), 1 survivors (4096K)
 Metaspace       used 20265K, capacity 20465K, committed 20608K, reserved 1067008K
  class space    used 2048K, capacity 2101K, committed 2176K, reserved 1048576K
}
Event: 5.090 GC heap after
{Heap after GC invocations=3 (full 0):
 garbage-first heap   total 520192K, used 14570K [0x0000000606400000, 0x0000000800000000)
  region size 4096K, 1 young (4096K), 1 survivors (4096K)
 Metaspace       used 20265K, capacity 20465K, committed 20608K, reserved 1067008K
  class space    used 2048K, capacity 2101K, committed 2176K, reserved 1048576K
}
Event: 5.143 GC heap before
{Heap before GC invocations=3 (full 0):
 garbage-first heap   total 520192K, used 18666K [0x0000000606400000, 0x0000000800000000)
  region size 4096K, 3 young (12288K), 1 survivors (4096K)
 Metaspace       used 20970K, capacity 21137K, committed 21248K, reserved 1069056K
  class space    used 2133K, capacity 2197K, committed 2304K, reserved 1048576K
}
Event: 5.145 GC heap after
{Heap after GC invocations=4 (full 0):
 garbage-first heap   total 520192K, used 14844K [0x0000000606400000, 0x0000000800000000)
  region size 4096K, 1 young (4096K), 1 survivors (4096K)
 Metaspace       used 20970K, capacity 21137K, committed 21248K, reserved 1069056K
  class space    used 2133K, capacity 2197K, committed 2304K, reserved 1048576K
}

